<?xml version="1.0" encoding="UTF-8"?>
<!-- Generated by org.testng.reporters.JUnitReportReporter -->
<testsuite hostname="DESKTOP-UGUG25A" failures="1" tests="8" name="project2.OpenCart" time="45.695" errors="0" timestamp="2023-08-04T00:44:07 IST" skipped="0">
  <testcase classname="project2.OpenCart" name="addToCart" time="7.111"/>
  <testcase classname="project2.OpenCart" name="launchApp" time="10.862"/>
  <testcase classname="project2.OpenCart" name="launchApp" time="15.843"/>
  <testcase classname="project2.OpenCart" name="register" time="6.442"/>
  <testcase classname="project2.OpenCart" name="login" time="2.055"/>
  <testcase classname="project2.OpenCart" name="logOut" time="1.129"/>
  <testcase classname="project2.OpenCart" name="close" time="1.288">
    <failure message="confirmation messages are not displaying properly
	expected [Success: You have added Samsung SyncMaster 941BW to your shopping cart!] but found [Success: You have added Samsung SyncMaster 941BW to your shopping cart!
ﾃ余,
	expected [Products marked with *** are not available in the desired quantity or not in stock!] but found [Products marked with *** are not available in the desired quantity or not in stock!
ﾃ余" type="java.lang.AssertionError">
      <![CDATA[java.lang.AssertionError: confirmation messages are not displaying properly
expected [Success: You have added Samsung SyncMaster 941BW to your shopping cart!] but found [Success: You have added Samsung SyncMaster 941BW to your shopping cart!
ﾃ余,
expected [Products marked with *** are not available in the desired quantity or not in stock!] but found [Products marked with *** are not available in the desired quantity or not in stock!
ﾃ余
at org.testng.asserts.SoftAssert.assertAll(SoftAssert.java:46)
at project2.OpenCart.close(OpenCart.java:49)
at java.base/jdk.internal.reflect.NativeMethodAccessorImpl.invoke0(Native Method)
at java.base/jdk.internal.reflect.NativeMethodAccessorImpl.invoke(NativeMethodAccessorImpl.java:77)
at java.base/jdk.internal.reflect.DelegatingMethodAccessorImpl.invoke(DelegatingMethodAccessorImpl.java:43)
at java.base/java.lang.reflect.Method.invoke(Method.java:568)
at org.testng.internal.invokers.MethodInvocationHelper.invokeMethod(MethodInvocationHelper.java:139)
at org.testng.internal.invokers.MethodInvocationHelper.invokeMethodConsideringTimeout(MethodInvocationHelper.java:69)
at org.testng.internal.invokers.ConfigInvoker.invokeConfigurationMethod(ConfigInvoker.java:390)
at org.testng.internal.invokers.ConfigInvoker.invokeConfigurations(ConfigInvoker.java:325)
at org.testng.TestRunner.invokeTestConfigurations(TestRunner.java:663)
at org.testng.TestRunner.afterRun(TestRunner.java:933)
at org.testng.TestRunner.run(TestRunner.java:624)
at org.testng.SuiteRunner.runTest(SuiteRunner.java:443)
at org.testng.SuiteRunner.runSequentially(SuiteRunner.java:437)
at org.testng.SuiteRunner.privateRun(SuiteRunner.java:397)
at org.testng.SuiteRunner.run(SuiteRunner.java:336)
at org.testng.SuiteRunnerWorker.runSuite(SuiteRunnerWorker.java:52)
at org.testng.SuiteRunnerWorker.run(SuiteRunnerWorker.java:95)
at org.testng.TestNG.runSuitesSequentially(TestNG.java:1280)
at org.testng.TestNG.runSuitesLocally(TestNG.java:1200)
at org.testng.TestNG.runSuites(TestNG.java:1114)
at org.testng.TestNG.run(TestNG.java:1082)
at org.testng.remote.AbstractRemoteTestNG.run(AbstractRemoteTestNG.java:115)
at org.testng.remote.RemoteTestNG.initAndRun(RemoteTestNG.java:251)
at org.testng.remote.RemoteTestNG.main(RemoteTestNG.java:77)
]]>
    </failure>
  </testcase> <!-- close -->
  <testcase classname="project2.OpenCart" name="logOut" time="0.965"/>
</testsuite> <!-- project2.OpenCart -->
